<?xml version="1.0" encoding="UTF-8"?>
<!-- Generated by org.testng.reporters.JUnitXMLReporter -->
<testsuite ignored="25" hostname="Dell-E5470" failures="0" tests="1" name="Default test" time="21.507" errors="0" timestamp="2021-01-27T15:25:33 IST">
  <testcase classname="automationTest.TestCases.HomePageTest" name="verifyLeft_Side_NAV_mail_accounts" time="4.032"/>
  <testcase classname="automationTest.TestCases.HomePageTest" name="verifyLeft_Side_NAV_quick_create" time="0.0">
    <ignored/>
  </testcase> <!-- verifyLeft_Side_NAV_quick_create -->
  <testcase classname="automationTest.TestCases.HomePageTest" name="verifyLeft_Side_NAV_sales_targets" time="0.0">
    <ignored/>
  </testcase> <!-- verifyLeft_Side_NAV_sales_targets -->
  <testcase classname="automationTest.TestCases.HomePageTest" name="verifyLeft_Side_NAV_NO_Company_Loaded_Test" time="0.0">
    <ignored/>
  </testcase> <!-- verifyLeft_Side_NAV_NO_Company_Loaded_Test -->
  <testcase classname="automationTest.TestCases.HomePageTest" name="verifyLeft_Side_NAV_schedule_call" time="0.0">
    <ignored/>
  </testcase> <!-- verifyLeft_Side_NAV_schedule_call -->
  <testcase classname="automationTest.TestCases.HomePageTest" name="verifyLeft_Side_NAV_preferences" time="0.0">
    <ignored/>
  </testcase> <!-- verifyLeft_Side_NAV_preferences -->
  <testcase classname="automationTest.TestCases.HomePageTest" name="verifyCRMHomePageTitleNameTest" time="0.0">
    <ignored/>
  </testcase> <!-- verifyCRMHomePageTitleNameTest -->
  <testcase classname="automationTest.TestCases.HomePageTest" name="verifyLeft_Side_NAV_team_view" time="0.0">
    <ignored/>
  </testcase> <!-- verifyLeft_Side_NAV_team_view -->
  <testcase classname="automationTest.TestCases.HomePageTest" name="verifyLeft_Side_NAV_timeline" time="0.0">
    <ignored/>
  </testcase> <!-- verifyLeft_Side_NAV_timeline -->
  <testcase classname="automationTest.TestCases.HomePageTest" name="verifyLeft_Side_NAV_messages" time="0.0">
    <ignored/>
  </testcase> <!-- verifyLeft_Side_NAV_messages -->
  <testcase classname="automationTest.TestCases.HomePageTest" name="verifyLeft_Side_NAV_audit_trail" time="0.0">
    <ignored/>
  </testcase> <!-- verifyLeft_Side_NAV_audit_trail -->
  <testcase classname="automationTest.TestCases.HomePageTest" name="verifyLeft_Side_NAV_pipeline" time="0.0">
    <ignored/>
  </testcase> <!-- verifyLeft_Side_NAV_pipeline -->
  <testcase classname="automationTest.TestCases.HomePageTest" name="verifyLeft_Side_NAV_customviews" time="0.0">
    <ignored/>
  </testcase> <!-- verifyLeft_Side_NAV_customviews -->
  <testcase classname="automationTest.TestCases.HomePageTest" name="verifyLeft_Side_NAV_imports" time="0.0">
    <ignored/>
  </testcase> <!-- verifyLeft_Side_NAV_imports -->
  <testcase classname="automationTest.TestCases.HomePageTest" name="verifyLeft_Side_NAV_resources" time="0.0">
    <ignored/>
  </testcase> <!-- verifyLeft_Side_NAV_resources -->
  <testcase classname="automationTest.TestCases.HomePageTest" name="verifyLeft_Side_NAV_knowledge_base" time="0.0">
    <ignored/>
  </testcase> <!-- verifyLeft_Side_NAV_knowledge_base -->
  <testcase classname="automationTest.TestCases.HomePageTest" name="verifyLeft_Side_NAV_calendar" time="0.0">
    <ignored/>
  </testcase> <!-- verifyLeft_Side_NAV_calendar -->
  <testcase classname="automationTest.TestCases.HomePageTest" name="verifyLeft_Side_NAV_Blog" time="0.0">
    <ignored/>
  </testcase> <!-- verifyLeft_Side_NAV_Blog -->
  <testcase classname="automationTest.TestCases.HomePageTest" name="verifyLeft_Side_NAV_exports" time="0.0">
    <ignored/>
  </testcase> <!-- verifyLeft_Side_NAV_exports -->
  <testcase classname="automationTest.TestCases.HomePageTest" name="verifyLeft_Side_NAV_promotions" time="0.0">
    <ignored/>
  </testcase> <!-- verifyLeft_Side_NAV_promotions -->
  <testcase classname="automationTest.TestCases.HomePageTest" name="verifyLoggedInName" time="0.0">
    <ignored/>
  </testcase> <!-- verifyLoggedInName -->
  <testcase classname="automationTest.TestCases.HomePageTest" name="verifyLeft_Side_NAV_add_Boxes" time="0.0">
    <ignored/>
  </testcase> <!-- verifyLeft_Side_NAV_add_Boxes -->
  <testcase classname="automationTest.TestCases.HomePageTest" name="verifyLeft_Side_NAV_Short_List" time="0.0">
    <ignored/>
  </testcase> <!-- verifyLeft_Side_NAV_Short_List -->
  <testcase classname="automationTest.TestCases.HomePageTest" name="verifyLeft_Side_NAV_call_list" time="0.0">
    <ignored/>
  </testcase> <!-- verifyLeft_Side_NAV_call_list -->
  <testcase classname="automationTest.TestCases.HomePageTest" name="verifyLeft_Side_NAV_quick_alerts" time="0.0">
    <ignored/>
  </testcase> <!-- verifyLeft_Side_NAV_quick_alerts -->
  <testcase classname="automationTest.TestCases.HomePageTest" name="verifyLeft_Side_NAV_products" time="0.0">
    <ignored/>
  </testcase> <!-- verifyLeft_Side_NAV_products -->
</testsuite> <!-- Default test -->
