<?xml version="1.0" encoding="UTF-8"?>
<!-- Generated by org.testng.reporters.JUnitXMLReporter -->
<testsuite ignored="0" hostname="Dell-E5470" failures="0" tests="4" name="CRM Web Page" time="61.408" errors="0" timestamp="2021-01-24T00:13:31 IST">
  <testcase classname="automationTest.TestCases.LoginPageTest" name="verifyTitleNameTest" time="0.079"/>
  <testcase classname="automationTest.TestCases.LoginPageTest" name="virifyLogoTest" time="0.282"/>
  <testcase classname="automationTest.TestCases.LoginPageTest" name="loginTest" time="6.553"/>
  <testcase classname="automationTest.TestCases.HomePageTest" name="verifyCRMHomePageTitleNameTest" time="0.017"/>
</testsuite> <!-- CRM Web Page -->
