<?xml version="1.0" encoding="UTF-8"?>
<!-- Generated by org.testng.reporters.JUnitXMLReporter -->
<testsuite ignored="0" hostname="Dell-E5470" failures="0" tests="3" name="CRM Login Page" time="36.29" errors="0" timestamp="2021-01-27T17:54:13 IST">
  <testcase classname="automationTest.TestCases.LoginPageTest" name="verifyTitleNameTest" time="0.062"/>
  <testcase classname="automationTest.TestCases.LoginPageTest" name="virifyLogoTest" time="0.136"/>
  <testcase classname="automationTest.TestCases.LoginPageTest" name="loginTest" time="8.134"/>
</testsuite> <!-- CRM Login Page -->
