<?xml version="1.0" encoding="UTF-8"?>
<!-- Generated by org.testng.reporters.JUnitXMLReporter -->
<testsuite ignored="0" hostname="Dell-E5470" failures="0" tests="26" name="CRM Home Page" time="517.722" errors="0" timestamp="2021-01-27T18:02:51 IST">
  <testcase classname="automationTest.TestCases.HomePageTest" name="verifyCRMHomePageTitleNameTest" time="0.012"/>
  <testcase classname="automationTest.TestCases.HomePageTest" name="verifyLeft_Side_NAV_Blog" time="0.264"/>
  <testcase classname="automationTest.TestCases.HomePageTest" name="verifyLeft_Side_NAV_NO_Company_Loaded_Test" time="0.268"/>
  <testcase classname="automationTest.TestCases.HomePageTest" name="verifyLeft_Side_NAV_Short_List" time="0.206"/>
  <testcase classname="automationTest.TestCases.HomePageTest" name="verifyLeft_Side_NAV_add_Boxes" time="0.192"/>
  <testcase classname="automationTest.TestCases.HomePageTest" name="verifyLeft_Side_NAV_audit_trail" time="3.49"/>
  <testcase classname="automationTest.TestCases.HomePageTest" name="verifyLeft_Side_NAV_calendar" time="3.992"/>
  <testcase classname="automationTest.TestCases.HomePageTest" name="verifyLeft_Side_NAV_call_list" time="4.705"/>
  <testcase classname="automationTest.TestCases.HomePageTest" name="verifyLeft_Side_NAV_customviews" time="4.602"/>
  <testcase classname="automationTest.TestCases.HomePageTest" name="verifyLeft_Side_NAV_exports" time="4.217"/>
  <testcase classname="automationTest.TestCases.HomePageTest" name="verifyLeft_Side_NAV_imports" time="3.87"/>
  <testcase classname="automationTest.TestCases.HomePageTest" name="verifyLeft_Side_NAV_knowledge_base" time="4.957"/>
  <testcase classname="automationTest.TestCases.HomePageTest" name="verifyLeft_Side_NAV_mail_accounts" time="4.17"/>
  <testcase classname="automationTest.TestCases.HomePageTest" name="verifyLeft_Side_NAV_messages" time="6.525"/>
  <testcase classname="automationTest.TestCases.HomePageTest" name="verifyLeft_Side_NAV_pipeline" time="6.981"/>
  <testcase classname="automationTest.TestCases.HomePageTest" name="verifyLeft_Side_NAV_preferences" time="5.065"/>
  <testcase classname="automationTest.TestCases.HomePageTest" name="verifyLeft_Side_NAV_products" time="5.098"/>
  <testcase classname="automationTest.TestCases.HomePageTest" name="verifyLeft_Side_NAV_promotions" time="4.705"/>
  <testcase classname="automationTest.TestCases.HomePageTest" name="verifyLeft_Side_NAV_quick_alerts" time="4.359"/>
  <testcase classname="automationTest.TestCases.HomePageTest" name="verifyLeft_Side_NAV_quick_create" time="0.197"/>
  <testcase classname="automationTest.TestCases.HomePageTest" name="verifyLeft_Side_NAV_resources" time="4.903"/>
  <testcase classname="automationTest.TestCases.HomePageTest" name="verifyLeft_Side_NAV_sales_targets" time="3.793"/>
  <testcase classname="automationTest.TestCases.HomePageTest" name="verifyLeft_Side_NAV_schedule_call" time="4.549"/>
  <testcase classname="automationTest.TestCases.HomePageTest" name="verifyLeft_Side_NAV_team_view" time="3.578"/>
  <testcase classname="automationTest.TestCases.HomePageTest" name="verifyLeft_Side_NAV_timeline" time="6.001"/>
  <testcase classname="automationTest.TestCases.HomePageTest" name="verifyLoggedInName" time="0.107"/>
</testsuite> <!-- CRM Home Page -->
