<?xml version="1.0" encoding="UTF-8"?>
<!-- Generated by org.testng.reporters.JUnitXMLReporter -->
<testsuite hostname="Dell-E5470" ignored="0" name="Command line test" tests="30" failures="0" timestamp="2021-01-30T13:23:32 IST" time="578.157" errors="0">
  <testcase name="verifyCRMHomePageTitleNameTest" time="0.016" classname="automationTest.TestCases.HomePageTest"/>
  <testcase name="verifyLeft_Side_NAV_Blog" time="0.251" classname="automationTest.TestCases.HomePageTest"/>
  <testcase name="verifyLeft_Side_NAV_NO_Company_Loaded_Test" time="0.329" classname="automationTest.TestCases.HomePageTest"/>
  <testcase name="verifyLeft_Side_NAV_Short_List" time="0.245" classname="automationTest.TestCases.HomePageTest"/>
  <testcase name="verifyLeft_Side_NAV_add_Boxes" time="0.219" classname="automationTest.TestCases.HomePageTest"/>
  <testcase name="verifyLeft_Side_NAV_audit_trail" time="3.546" classname="automationTest.TestCases.HomePageTest"/>
  <testcase name="verifyLeft_Side_NAV_calendar" time="4.419" classname="automationTest.TestCases.HomePageTest"/>
  <testcase name="verifyLeft_Side_NAV_call_list" time="4.51" classname="automationTest.TestCases.HomePageTest"/>
  <testcase name="verifyLeft_Side_NAV_customviews" time="3.893" classname="automationTest.TestCases.HomePageTest"/>
  <testcase name="verifyLeft_Side_NAV_exports" time="4.353" classname="automationTest.TestCases.HomePageTest"/>
  <testcase name="verifyLeft_Side_NAV_imports" time="4.21" classname="automationTest.TestCases.HomePageTest"/>
  <testcase name="verifyLeft_Side_NAV_knowledge_base" time="4.972" classname="automationTest.TestCases.HomePageTest"/>
  <testcase name="verifyLeft_Side_NAV_mail_accounts" time="6.232" classname="automationTest.TestCases.HomePageTest"/>
  <testcase name="verifyLeft_Side_NAV_messages" time="3.712" classname="automationTest.TestCases.HomePageTest"/>
  <testcase name="verifyLeft_Side_NAV_pipeline" time="6.849" classname="automationTest.TestCases.HomePageTest"/>
  <testcase name="verifyLeft_Side_NAV_preferences" time="4.722" classname="automationTest.TestCases.HomePageTest"/>
  <testcase name="verifyLeft_Side_NAV_products" time="3.626" classname="automationTest.TestCases.HomePageTest"/>
  <testcase name="verifyLeft_Side_NAV_promotions" time="4.129" classname="automationTest.TestCases.HomePageTest"/>
  <testcase name="verifyLeft_Side_NAV_quick_alerts" time="5.066" classname="automationTest.TestCases.HomePageTest"/>
  <testcase name="verifyLeft_Side_NAV_quick_create" time="0.152" classname="automationTest.TestCases.HomePageTest"/>
  <testcase name="verifyLeft_Side_NAV_resources" time="3.849" classname="automationTest.TestCases.HomePageTest"/>
  <testcase name="verifyLeft_Side_NAV_sales_targets" time="4.045" classname="automationTest.TestCases.HomePageTest"/>
  <testcase name="verifyLeft_Side_NAV_schedule_call" time="4.797" classname="automationTest.TestCases.HomePageTest"/>
  <testcase name="verifyLeft_Side_NAV_team_view" time="3.735" classname="automationTest.TestCases.HomePageTest"/>
  <testcase name="verifyLeft_Side_NAV_timeline" time="6.199" classname="automationTest.TestCases.HomePageTest"/>
  <testcase name="verifyLoggedInName" time="0.093" classname="automationTest.TestCases.HomePageTest"/>
  <testcase name="verify_crm_companies_Test" time="4.574" classname="automationTest.TestCases.HomePageTest"/>
  <testcase name="verifyTitleNameTest" time="0.045" classname="automationTest.TestCases.LoginPageTest"/>
  <testcase name="virifyLogoTest" time="0.078" classname="automationTest.TestCases.LoginPageTest"/>
  <testcase name="loginTest" time="8.214" classname="automationTest.TestCases.LoginPageTest"/>
</testsuite> <!-- Command line test -->
