<?xml version="1.0" encoding="UTF-8" ?>
<testsuite tests="30" failures="0" name="TestSuite" time="101.101" errors="0" skipped="0">
  <properties>
[...]
</properties>
  <testcase classname="automationTest.TestCases.HomePageTest" name="verifyCRMHomePageTitleNameTest" time="0.019"/>
  <testcase classname="automationTest.TestCases.HomePageTest" name="verifyLeft_Side_NAV_Blog" time="0.248"/>
  <testcase classname="automationTest.TestCases.HomePageTest" name="verifyLeft_Side_NAV_NO_Company_Loaded_Test" time="0.328"/>
  <testcase classname="automationTest.TestCases.HomePageTest" name="verifyLeft_Side_NAV_Short_List" time="0.246"/>
  <testcase classname="automationTest.TestCases.HomePageTest" name="verifyLeft_Side_NAV_add_Boxes" time="0.22"/>
  <testcase classname="automationTest.TestCases.HomePageTest" name="verifyLeft_Side_NAV_audit_trail" time="3.549"/>
  <testcase classname="automationTest.TestCases.HomePageTest" name="verifyLeft_Side_NAV_calendar" time="4.418"/>
  <testcase classname="automationTest.TestCases.HomePageTest" name="verifyLeft_Side_NAV_call_list" time="4.508"/>
  <testcase classname="automationTest.TestCases.HomePageTest" name="verifyLeft_Side_NAV_customviews" time="3.894"/>
  <testcase classname="automationTest.TestCases.HomePageTest" name="verifyLeft_Side_NAV_exports" time="4.353"/>
  <testcase classname="automationTest.TestCases.HomePageTest" name="verifyLeft_Side_NAV_imports" time="4.211"/>
  <testcase classname="automationTest.TestCases.HomePageTest" name="verifyLeft_Side_NAV_knowledge_base" time="4.971"/>
  <testcase classname="automationTest.TestCases.HomePageTest" name="verifyLeft_Side_NAV_mail_accounts" time="6.236"/>
  <testcase classname="automationTest.TestCases.HomePageTest" name="verifyLeft_Side_NAV_messages" time="3.712"/>
  <testcase classname="automationTest.TestCases.HomePageTest" name="verifyLeft_Side_NAV_pipeline" time="6.849"/>
  <testcase classname="automationTest.TestCases.HomePageTest" name="verifyLeft_Side_NAV_preferences" time="4.742"/>
  <testcase classname="automationTest.TestCases.HomePageTest" name="verifyLeft_Side_NAV_products" time="3.626"/>
  <testcase classname="automationTest.TestCases.HomePageTest" name="verifyLeft_Side_NAV_promotions" time="4.129"/>
  <testcase classname="automationTest.TestCases.HomePageTest" name="verifyLeft_Side_NAV_quick_alerts" time="5.065"/>
  <testcase classname="automationTest.TestCases.HomePageTest" name="verifyLeft_Side_NAV_quick_create" time="0.152"/>
  <testcase classname="automationTest.TestCases.HomePageTest" name="verifyLeft_Side_NAV_resources" time="3.849"/>
  <testcase classname="automationTest.TestCases.HomePageTest" name="verifyLeft_Side_NAV_sales_targets" time="4.045"/>
  <testcase classname="automationTest.TestCases.HomePageTest" name="verifyLeft_Side_NAV_schedule_call" time="4.796"/>
  <testcase classname="automationTest.TestCases.HomePageTest" name="verifyLeft_Side_NAV_team_view" time="3.735"/>
  <testcase classname="automationTest.TestCases.HomePageTest" name="verifyLeft_Side_NAV_timeline" time="6.199"/>
  <testcase classname="automationTest.TestCases.HomePageTest" name="verifyLoggedInName" time="0.091"/>
  <testcase classname="automationTest.TestCases.HomePageTest" name="verify_crm_companies_Test" time="4.575"/>
  <testcase classname="automationTest.TestCases.LoginPageTest" name="verifyTitleNameTest" time="0.043"/>
  <testcase classname="automationTest.TestCases.LoginPageTest" name="virifyLogoTest" time="0.076"/>
  <testcase classname="automationTest.TestCases.LoginPageTest" name="loginTest" time="8.216"/>
</testsuite>