<?xml version="1.0" encoding="UTF-8"?>
<testng-results ignored="0" total="29" passed="29" failed="0" skipped="0">
  <reporter-output>
  </reporter-output>
  <suite started-at="2021-01-27T17:53:37 IST" name="CRM Web Page Test" finished-at="2021-01-27T18:02:51 IST" duration-ms="554087">
    <groups>
    </groups>
    <test started-at="2021-01-27T17:53:37 IST" name="CRM Login Page" finished-at="2021-01-27T17:54:13 IST" duration-ms="36290">
      <class name="automationTest.TestCases.LoginPageTest">
        <test-method is-config="true" signature="setUp()[pri:0, instance:automationTest.TestCases.LoginPageTest@6d4e5011]" started-at="2021-01-27T17:53:37 IST" name="setUp" finished-at="2021-01-27T17:53:48 IST" duration-ms="11040" status="PASS">
          <reporter-output>
          </reporter-output>
        </test-method> <!-- setUp -->
        <test-method signature="verifyTitleNameTest()[pri:1, instance:automationTest.TestCases.LoginPageTest@6d4e5011]" started-at="2021-01-27T17:53:48 IST" name="verifyTitleNameTest" finished-at="2021-01-27T17:53:48 IST" duration-ms="62" status="PASS">
          <reporter-output>
          </reporter-output>
        </test-method> <!-- verifyTitleNameTest -->
        <test-method is-config="true" signature="tearDown()[pri:0, instance:automationTest.TestCases.LoginPageTest@6d4e5011]" started-at="2021-01-27T17:53:48 IST" name="tearDown" finished-at="2021-01-27T17:53:49 IST" duration-ms="1320" status="PASS">
          <reporter-output>
          </reporter-output>
        </test-method> <!-- tearDown -->
        <test-method is-config="true" signature="setUp()[pri:0, instance:automationTest.TestCases.LoginPageTest@6d4e5011]" started-at="2021-01-27T17:53:49 IST" name="setUp" finished-at="2021-01-27T17:53:56 IST" duration-ms="7041" status="PASS">
          <reporter-output>
          </reporter-output>
        </test-method> <!-- setUp -->
        <test-method signature="virifyLogoTest()[pri:2, instance:automationTest.TestCases.LoginPageTest@6d4e5011]" started-at="2021-01-27T17:53:56 IST" name="virifyLogoTest" finished-at="2021-01-27T17:53:56 IST" duration-ms="136" status="PASS">
          <reporter-output>
          </reporter-output>
        </test-method> <!-- virifyLogoTest -->
        <test-method is-config="true" signature="tearDown()[pri:0, instance:automationTest.TestCases.LoginPageTest@6d4e5011]" started-at="2021-01-27T17:53:56 IST" name="tearDown" finished-at="2021-01-27T17:53:57 IST" duration-ms="745" status="PASS">
          <reporter-output>
          </reporter-output>
        </test-method> <!-- tearDown -->
        <test-method is-config="true" signature="setUp()[pri:0, instance:automationTest.TestCases.LoginPageTest@6d4e5011]" started-at="2021-01-27T17:53:57 IST" name="setUp" finished-at="2021-01-27T17:54:04 IST" duration-ms="7010" status="PASS">
          <reporter-output>
          </reporter-output>
        </test-method> <!-- setUp -->
        <test-method signature="loginTest()[pri:3, instance:automationTest.TestCases.LoginPageTest@6d4e5011]" started-at="2021-01-27T17:54:04 IST" name="loginTest" finished-at="2021-01-27T17:54:12 IST" duration-ms="8134" status="PASS">
          <reporter-output>
          </reporter-output>
        </test-method> <!-- loginTest -->
        <test-method is-config="true" signature="tearDown()[pri:0, instance:automationTest.TestCases.LoginPageTest@6d4e5011]" started-at="2021-01-27T17:54:12 IST" name="tearDown" finished-at="2021-01-27T17:54:13 IST" duration-ms="726" status="PASS">
          <reporter-output>
          </reporter-output>
        </test-method> <!-- tearDown -->
      </class> <!-- automationTest.TestCases.LoginPageTest -->
    </test> <!-- CRM Login Page -->
    <test started-at="2021-01-27T17:54:13 IST" name="CRM Home Page" finished-at="2021-01-27T18:02:51 IST" duration-ms="517722">
      <class name="automationTest.TestCases.HomePageTest">
        <test-method is-config="true" signature="setUp()[pri:0, instance:automationTest.TestCases.HomePageTest@e15b7e8]" started-at="2021-01-27T17:54:13 IST" name="setUp" finished-at="2021-01-27T17:54:29 IST" duration-ms="16203" status="PASS">
          <reporter-output>
          </reporter-output>
        </test-method> <!-- setUp -->
        <test-method signature="verifyCRMHomePageTitleNameTest()[pri:0, instance:automationTest.TestCases.HomePageTest@e15b7e8]" started-at="2021-01-27T17:54:29 IST" name="verifyCRMHomePageTitleNameTest" finished-at="2021-01-27T17:54:29 IST" duration-ms="12" status="PASS">
          <reporter-output>
          </reporter-output>
        </test-method> <!-- verifyCRMHomePageTitleNameTest -->
        <test-method is-config="true" signature="tearDown()[pri:0, instance:automationTest.TestCases.HomePageTest@e15b7e8]" started-at="2021-01-27T17:54:29 IST" name="tearDown" finished-at="2021-01-27T17:54:30 IST" duration-ms="942" status="PASS">
          <reporter-output>
          </reporter-output>
        </test-method> <!-- tearDown -->
        <test-method is-config="true" signature="setUp()[pri:0, instance:automationTest.TestCases.HomePageTest@e15b7e8]" started-at="2021-01-27T17:54:30 IST" name="setUp" finished-at="2021-01-27T17:54:45 IST" duration-ms="15197" status="PASS">
          <reporter-output>
          </reporter-output>
        </test-method> <!-- setUp -->
        <test-method signature="verifyLeft_Side_NAV_Blog()[pri:0, instance:automationTest.TestCases.HomePageTest@e15b7e8]" started-at="2021-01-27T17:54:45 IST" name="verifyLeft_Side_NAV_Blog" finished-at="2021-01-27T17:54:45 IST" duration-ms="264" status="PASS">
          <reporter-output>
          </reporter-output>
        </test-method> <!-- verifyLeft_Side_NAV_Blog -->
        <test-method is-config="true" signature="tearDown()[pri:0, instance:automationTest.TestCases.HomePageTest@e15b7e8]" started-at="2021-01-27T17:54:46 IST" name="tearDown" finished-at="2021-01-27T17:54:47 IST" duration-ms="1428" status="PASS">
          <reporter-output>
          </reporter-output>
        </test-method> <!-- tearDown -->
        <test-method is-config="true" signature="setUp()[pri:0, instance:automationTest.TestCases.HomePageTest@e15b7e8]" started-at="2021-01-27T17:54:47 IST" name="setUp" finished-at="2021-01-27T17:55:03 IST" duration-ms="16534" status="PASS">
          <reporter-output>
          </reporter-output>
        </test-method> <!-- setUp -->
        <test-method signature="verifyLeft_Side_NAV_NO_Company_Loaded_Test()[pri:0, instance:automationTest.TestCases.HomePageTest@e15b7e8]" started-at="2021-01-27T17:55:03 IST" name="verifyLeft_Side_NAV_NO_Company_Loaded_Test" finished-at="2021-01-27T17:55:04 IST" duration-ms="268" status="PASS">
          <reporter-output>
          </reporter-output>
        </test-method> <!-- verifyLeft_Side_NAV_NO_Company_Loaded_Test -->
        <test-method is-config="true" signature="tearDown()[pri:0, instance:automationTest.TestCases.HomePageTest@e15b7e8]" started-at="2021-01-27T17:55:04 IST" name="tearDown" finished-at="2021-01-27T17:55:05 IST" duration-ms="1192" status="PASS">
          <reporter-output>
          </reporter-output>
        </test-method> <!-- tearDown -->
        <test-method is-config="true" signature="setUp()[pri:0, instance:automationTest.TestCases.HomePageTest@e15b7e8]" started-at="2021-01-27T17:55:05 IST" name="setUp" finished-at="2021-01-27T17:55:20 IST" duration-ms="15246" status="PASS">
          <reporter-output>
          </reporter-output>
        </test-method> <!-- setUp -->
        <test-method signature="verifyLeft_Side_NAV_Short_List()[pri:0, instance:automationTest.TestCases.HomePageTest@e15b7e8]" started-at="2021-01-27T17:55:20 IST" name="verifyLeft_Side_NAV_Short_List" finished-at="2021-01-27T17:55:20 IST" duration-ms="206" status="PASS">
          <reporter-output>
          </reporter-output>
        </test-method> <!-- verifyLeft_Side_NAV_Short_List -->
        <test-method is-config="true" signature="tearDown()[pri:0, instance:automationTest.TestCases.HomePageTest@e15b7e8]" started-at="2021-01-27T17:55:20 IST" name="tearDown" finished-at="2021-01-27T17:55:21 IST" duration-ms="802" status="PASS">
          <reporter-output>
          </reporter-output>
        </test-method> <!-- tearDown -->
        <test-method is-config="true" signature="setUp()[pri:0, instance:automationTest.TestCases.HomePageTest@e15b7e8]" started-at="2021-01-27T17:55:21 IST" name="setUp" finished-at="2021-01-27T17:55:36 IST" duration-ms="15088" status="PASS">
          <reporter-output>
          </reporter-output>
        </test-method> <!-- setUp -->
        <test-method signature="verifyLeft_Side_NAV_add_Boxes()[pri:0, instance:automationTest.TestCases.HomePageTest@e15b7e8]" started-at="2021-01-27T17:55:36 IST" name="verifyLeft_Side_NAV_add_Boxes" finished-at="2021-01-27T17:55:36 IST" duration-ms="192" status="PASS">
          <reporter-output>
          </reporter-output>
        </test-method> <!-- verifyLeft_Side_NAV_add_Boxes -->
        <test-method is-config="true" signature="tearDown()[pri:0, instance:automationTest.TestCases.HomePageTest@e15b7e8]" started-at="2021-01-27T17:55:36 IST" name="tearDown" finished-at="2021-01-27T17:55:37 IST" duration-ms="738" status="PASS">
          <reporter-output>
          </reporter-output>
        </test-method> <!-- tearDown -->
        <test-method is-config="true" signature="setUp()[pri:0, instance:automationTest.TestCases.HomePageTest@e15b7e8]" started-at="2021-01-27T17:55:37 IST" name="setUp" finished-at="2021-01-27T17:55:53 IST" duration-ms="15436" status="PASS">
          <reporter-output>
          </reporter-output>
        </test-method> <!-- setUp -->
        <test-method signature="verifyLeft_Side_NAV_audit_trail()[pri:0, instance:automationTest.TestCases.HomePageTest@e15b7e8]" started-at="2021-01-27T17:55:53 IST" name="verifyLeft_Side_NAV_audit_trail" finished-at="2021-01-27T17:55:56 IST" duration-ms="3490" status="PASS">
          <reporter-output>
          </reporter-output>
        </test-method> <!-- verifyLeft_Side_NAV_audit_trail -->
        <test-method is-config="true" signature="tearDown()[pri:0, instance:automationTest.TestCases.HomePageTest@e15b7e8]" started-at="2021-01-27T17:55:56 IST" name="tearDown" finished-at="2021-01-27T17:55:57 IST" duration-ms="725" status="PASS">
          <reporter-output>
          </reporter-output>
        </test-method> <!-- tearDown -->
        <test-method is-config="true" signature="setUp()[pri:0, instance:automationTest.TestCases.HomePageTest@e15b7e8]" started-at="2021-01-27T17:55:57 IST" name="setUp" finished-at="2021-01-27T17:56:12 IST" duration-ms="15136" status="PASS">
          <reporter-output>
          </reporter-output>
        </test-method> <!-- setUp -->
        <test-method signature="verifyLeft_Side_NAV_calendar()[pri:0, instance:automationTest.TestCases.HomePageTest@e15b7e8]" started-at="2021-01-27T17:56:12 IST" name="verifyLeft_Side_NAV_calendar" finished-at="2021-01-27T17:56:16 IST" duration-ms="3992" status="PASS">
          <reporter-output>
          </reporter-output>
        </test-method> <!-- verifyLeft_Side_NAV_calendar -->
        <test-method is-config="true" signature="tearDown()[pri:0, instance:automationTest.TestCases.HomePageTest@e15b7e8]" started-at="2021-01-27T17:56:16 IST" name="tearDown" finished-at="2021-01-27T17:56:17 IST" duration-ms="886" status="PASS">
          <reporter-output>
          </reporter-output>
        </test-method> <!-- tearDown -->
        <test-method is-config="true" signature="setUp()[pri:0, instance:automationTest.TestCases.HomePageTest@e15b7e8]" started-at="2021-01-27T17:56:17 IST" name="setUp" finished-at="2021-01-27T17:56:32 IST" duration-ms="15261" status="PASS">
          <reporter-output>
          </reporter-output>
        </test-method> <!-- setUp -->
        <test-method signature="verifyLeft_Side_NAV_call_list()[pri:0, instance:automationTest.TestCases.HomePageTest@e15b7e8]" started-at="2021-01-27T17:56:32 IST" name="verifyLeft_Side_NAV_call_list" finished-at="2021-01-27T17:56:37 IST" duration-ms="4705" status="PASS">
          <reporter-output>
          </reporter-output>
        </test-method> <!-- verifyLeft_Side_NAV_call_list -->
        <test-method is-config="true" signature="tearDown()[pri:0, instance:automationTest.TestCases.HomePageTest@e15b7e8]" started-at="2021-01-27T17:56:37 IST" name="tearDown" finished-at="2021-01-27T17:56:38 IST" duration-ms="739" status="PASS">
          <reporter-output>
          </reporter-output>
        </test-method> <!-- tearDown -->
        <test-method is-config="true" signature="setUp()[pri:0, instance:automationTest.TestCases.HomePageTest@e15b7e8]" started-at="2021-01-27T17:56:38 IST" name="setUp" finished-at="2021-01-27T17:56:53 IST" duration-ms="15677" status="PASS">
          <reporter-output>
          </reporter-output>
        </test-method> <!-- setUp -->
        <test-method signature="verifyLeft_Side_NAV_customviews()[pri:0, instance:automationTest.TestCases.HomePageTest@e15b7e8]" started-at="2021-01-27T17:56:53 IST" name="verifyLeft_Side_NAV_customviews" finished-at="2021-01-27T17:56:58 IST" duration-ms="4602" status="PASS">
          <reporter-output>
          </reporter-output>
        </test-method> <!-- verifyLeft_Side_NAV_customviews -->
        <test-method is-config="true" signature="tearDown()[pri:0, instance:automationTest.TestCases.HomePageTest@e15b7e8]" started-at="2021-01-27T17:56:58 IST" name="tearDown" finished-at="2021-01-27T17:56:59 IST" duration-ms="817" status="PASS">
          <reporter-output>
          </reporter-output>
        </test-method> <!-- tearDown -->
        <test-method is-config="true" signature="setUp()[pri:0, instance:automationTest.TestCases.HomePageTest@e15b7e8]" started-at="2021-01-27T17:56:59 IST" name="setUp" finished-at="2021-01-27T17:57:14 IST" duration-ms="15446" status="PASS">
          <reporter-output>
          </reporter-output>
        </test-method> <!-- setUp -->
        <test-method signature="verifyLeft_Side_NAV_exports()[pri:0, instance:automationTest.TestCases.HomePageTest@e15b7e8]" started-at="2021-01-27T17:57:14 IST" name="verifyLeft_Side_NAV_exports" finished-at="2021-01-27T17:57:18 IST" duration-ms="4217" status="PASS">
          <reporter-output>
          </reporter-output>
        </test-method> <!-- verifyLeft_Side_NAV_exports -->
        <test-method is-config="true" signature="tearDown()[pri:0, instance:automationTest.TestCases.HomePageTest@e15b7e8]" started-at="2021-01-27T17:57:18 IST" name="tearDown" finished-at="2021-01-27T17:57:19 IST" duration-ms="837" status="PASS">
          <reporter-output>
          </reporter-output>
        </test-method> <!-- tearDown -->
        <test-method is-config="true" signature="setUp()[pri:0, instance:automationTest.TestCases.HomePageTest@e15b7e8]" started-at="2021-01-27T17:57:19 IST" name="setUp" finished-at="2021-01-27T17:57:34 IST" duration-ms="15289" status="PASS">
          <reporter-output>
          </reporter-output>
        </test-method> <!-- setUp -->
        <test-method signature="verifyLeft_Side_NAV_imports()[pri:0, instance:automationTest.TestCases.HomePageTest@e15b7e8]" started-at="2021-01-27T17:57:34 IST" name="verifyLeft_Side_NAV_imports" finished-at="2021-01-27T17:57:38 IST" duration-ms="3870" status="PASS">
          <reporter-output>
          </reporter-output>
        </test-method> <!-- verifyLeft_Side_NAV_imports -->
        <test-method is-config="true" signature="tearDown()[pri:0, instance:automationTest.TestCases.HomePageTest@e15b7e8]" started-at="2021-01-27T17:57:38 IST" name="tearDown" finished-at="2021-01-27T17:57:39 IST" duration-ms="866" status="PASS">
          <reporter-output>
          </reporter-output>
        </test-method> <!-- tearDown -->
        <test-method is-config="true" signature="setUp()[pri:0, instance:automationTest.TestCases.HomePageTest@e15b7e8]" started-at="2021-01-27T17:57:39 IST" name="setUp" finished-at="2021-01-27T17:57:55 IST" duration-ms="15643" status="PASS">
          <reporter-output>
          </reporter-output>
        </test-method> <!-- setUp -->
        <test-method signature="verifyLeft_Side_NAV_knowledge_base()[pri:0, instance:automationTest.TestCases.HomePageTest@e15b7e8]" started-at="2021-01-27T17:57:55 IST" name="verifyLeft_Side_NAV_knowledge_base" finished-at="2021-01-27T17:58:00 IST" duration-ms="4957" status="PASS">
          <reporter-output>
          </reporter-output>
        </test-method> <!-- verifyLeft_Side_NAV_knowledge_base -->
        <test-method is-config="true" signature="tearDown()[pri:0, instance:automationTest.TestCases.HomePageTest@e15b7e8]" started-at="2021-01-27T17:58:00 IST" name="tearDown" finished-at="2021-01-27T17:58:01 IST" duration-ms="908" status="PASS">
          <reporter-output>
          </reporter-output>
        </test-method> <!-- tearDown -->
        <test-method is-config="true" signature="setUp()[pri:0, instance:automationTest.TestCases.HomePageTest@e15b7e8]" started-at="2021-01-27T17:58:01 IST" name="setUp" finished-at="2021-01-27T17:58:16 IST" duration-ms="15400" status="PASS">
          <reporter-output>
          </reporter-output>
        </test-method> <!-- setUp -->
        <test-method signature="verifyLeft_Side_NAV_mail_accounts()[pri:0, instance:automationTest.TestCases.HomePageTest@e15b7e8]" started-at="2021-01-27T17:58:16 IST" name="verifyLeft_Side_NAV_mail_accounts" finished-at="2021-01-27T17:58:20 IST" duration-ms="4170" status="PASS">
          <reporter-output>
          </reporter-output>
        </test-method> <!-- verifyLeft_Side_NAV_mail_accounts -->
        <test-method is-config="true" signature="tearDown()[pri:0, instance:automationTest.TestCases.HomePageTest@e15b7e8]" started-at="2021-01-27T17:58:20 IST" name="tearDown" finished-at="2021-01-27T17:58:21 IST" duration-ms="725" status="PASS">
          <reporter-output>
          </reporter-output>
        </test-method> <!-- tearDown -->
        <test-method is-config="true" signature="setUp()[pri:0, instance:automationTest.TestCases.HomePageTest@e15b7e8]" started-at="2021-01-27T17:58:21 IST" name="setUp" finished-at="2021-01-27T17:58:37 IST" duration-ms="15551" status="PASS">
          <reporter-output>
          </reporter-output>
        </test-method> <!-- setUp -->
        <test-method signature="verifyLeft_Side_NAV_messages()[pri:0, instance:automationTest.TestCases.HomePageTest@e15b7e8]" started-at="2021-01-27T17:58:37 IST" name="verifyLeft_Side_NAV_messages" finished-at="2021-01-27T17:58:43 IST" duration-ms="6525" status="PASS">
          <reporter-output>
          </reporter-output>
        </test-method> <!-- verifyLeft_Side_NAV_messages -->
        <test-method is-config="true" signature="tearDown()[pri:0, instance:automationTest.TestCases.HomePageTest@e15b7e8]" started-at="2021-01-27T17:58:43 IST" name="tearDown" finished-at="2021-01-27T17:58:44 IST" duration-ms="760" status="PASS">
          <reporter-output>
          </reporter-output>
        </test-method> <!-- tearDown -->
        <test-method is-config="true" signature="setUp()[pri:0, instance:automationTest.TestCases.HomePageTest@e15b7e8]" started-at="2021-01-27T17:58:44 IST" name="setUp" finished-at="2021-01-27T17:58:59 IST" duration-ms="15200" status="PASS">
          <reporter-output>
          </reporter-output>
        </test-method> <!-- setUp -->
        <test-method signature="verifyLeft_Side_NAV_pipeline()[pri:0, instance:automationTest.TestCases.HomePageTest@e15b7e8]" started-at="2021-01-27T17:58:59 IST" name="verifyLeft_Side_NAV_pipeline" finished-at="2021-01-27T17:59:06 IST" duration-ms="6981" status="PASS">
          <reporter-output>
          </reporter-output>
        </test-method> <!-- verifyLeft_Side_NAV_pipeline -->
        <test-method is-config="true" signature="tearDown()[pri:0, instance:automationTest.TestCases.HomePageTest@e15b7e8]" started-at="2021-01-27T17:59:06 IST" name="tearDown" finished-at="2021-01-27T17:59:07 IST" duration-ms="823" status="PASS">
          <reporter-output>
          </reporter-output>
        </test-method> <!-- tearDown -->
        <test-method is-config="true" signature="setUp()[pri:0, instance:automationTest.TestCases.HomePageTest@e15b7e8]" started-at="2021-01-27T17:59:07 IST" name="setUp" finished-at="2021-01-27T17:59:23 IST" duration-ms="16536" status="PASS">
          <reporter-output>
          </reporter-output>
        </test-method> <!-- setUp -->
        <test-method signature="verifyLeft_Side_NAV_preferences()[pri:0, instance:automationTest.TestCases.HomePageTest@e15b7e8]" started-at="2021-01-27T17:59:23 IST" name="verifyLeft_Side_NAV_preferences" finished-at="2021-01-27T17:59:28 IST" duration-ms="5065" status="PASS">
          <reporter-output>
          </reporter-output>
        </test-method> <!-- verifyLeft_Side_NAV_preferences -->
        <test-method is-config="true" signature="tearDown()[pri:0, instance:automationTest.TestCases.HomePageTest@e15b7e8]" started-at="2021-01-27T17:59:28 IST" name="tearDown" finished-at="2021-01-27T17:59:30 IST" duration-ms="1070" status="PASS">
          <reporter-output>
          </reporter-output>
        </test-method> <!-- tearDown -->
        <test-method is-config="true" signature="setUp()[pri:0, instance:automationTest.TestCases.HomePageTest@e15b7e8]" started-at="2021-01-27T17:59:30 IST" name="setUp" finished-at="2021-01-27T17:59:45 IST" duration-ms="15156" status="PASS">
          <reporter-output>
          </reporter-output>
        </test-method> <!-- setUp -->
        <test-method signature="verifyLeft_Side_NAV_products()[pri:0, instance:automationTest.TestCases.HomePageTest@e15b7e8]" started-at="2021-01-27T17:59:45 IST" name="verifyLeft_Side_NAV_products" finished-at="2021-01-27T17:59:50 IST" duration-ms="5098" status="PASS">
          <reporter-output>
          </reporter-output>
        </test-method> <!-- verifyLeft_Side_NAV_products -->
        <test-method is-config="true" signature="tearDown()[pri:0, instance:automationTest.TestCases.HomePageTest@e15b7e8]" started-at="2021-01-27T17:59:50 IST" name="tearDown" finished-at="2021-01-27T17:59:51 IST" duration-ms="753" status="PASS">
          <reporter-output>
          </reporter-output>
        </test-method> <!-- tearDown -->
        <test-method is-config="true" signature="setUp()[pri:0, instance:automationTest.TestCases.HomePageTest@e15b7e8]" started-at="2021-01-27T17:59:51 IST" name="setUp" finished-at="2021-01-27T18:00:06 IST" duration-ms="15748" status="PASS">
          <reporter-output>
          </reporter-output>
        </test-method> <!-- setUp -->
        <test-method signature="verifyLeft_Side_NAV_promotions()[pri:0, instance:automationTest.TestCases.HomePageTest@e15b7e8]" started-at="2021-01-27T18:00:06 IST" name="verifyLeft_Side_NAV_promotions" finished-at="2021-01-27T18:00:11 IST" duration-ms="4705" status="PASS">
          <reporter-output>
          </reporter-output>
        </test-method> <!-- verifyLeft_Side_NAV_promotions -->
        <test-method is-config="true" signature="tearDown()[pri:0, instance:automationTest.TestCases.HomePageTest@e15b7e8]" started-at="2021-01-27T18:00:11 IST" name="tearDown" finished-at="2021-01-27T18:00:12 IST" duration-ms="1119" status="PASS">
          <reporter-output>
          </reporter-output>
        </test-method> <!-- tearDown -->
        <test-method is-config="true" signature="setUp()[pri:0, instance:automationTest.TestCases.HomePageTest@e15b7e8]" started-at="2021-01-27T18:00:12 IST" name="setUp" finished-at="2021-01-27T18:00:27 IST" duration-ms="15264" status="PASS">
          <reporter-output>
          </reporter-output>
        </test-method> <!-- setUp -->
        <test-method signature="verifyLeft_Side_NAV_quick_alerts()[pri:0, instance:automationTest.TestCases.HomePageTest@e15b7e8]" started-at="2021-01-27T18:00:27 IST" name="verifyLeft_Side_NAV_quick_alerts" finished-at="2021-01-27T18:00:32 IST" duration-ms="4359" status="PASS">
          <reporter-output>
          </reporter-output>
        </test-method> <!-- verifyLeft_Side_NAV_quick_alerts -->
        <test-method is-config="true" signature="tearDown()[pri:0, instance:automationTest.TestCases.HomePageTest@e15b7e8]" started-at="2021-01-27T18:00:32 IST" name="tearDown" finished-at="2021-01-27T18:00:32 IST" duration-ms="735" status="PASS">
          <reporter-output>
          </reporter-output>
        </test-method> <!-- tearDown -->
        <test-method is-config="true" signature="setUp()[pri:0, instance:automationTest.TestCases.HomePageTest@e15b7e8]" started-at="2021-01-27T18:00:32 IST" name="setUp" finished-at="2021-01-27T18:00:47 IST" duration-ms="14594" status="PASS">
          <reporter-output>
          </reporter-output>
        </test-method> <!-- setUp -->
        <test-method signature="verifyLeft_Side_NAV_quick_create()[pri:0, instance:automationTest.TestCases.HomePageTest@e15b7e8]" started-at="2021-01-27T18:00:47 IST" name="verifyLeft_Side_NAV_quick_create" finished-at="2021-01-27T18:00:47 IST" duration-ms="197" status="PASS">
          <reporter-output>
          </reporter-output>
        </test-method> <!-- verifyLeft_Side_NAV_quick_create -->
        <test-method is-config="true" signature="tearDown()[pri:0, instance:automationTest.TestCases.HomePageTest@e15b7e8]" started-at="2021-01-27T18:00:47 IST" name="tearDown" finished-at="2021-01-27T18:00:48 IST" duration-ms="752" status="PASS">
          <reporter-output>
          </reporter-output>
        </test-method> <!-- tearDown -->
        <test-method is-config="true" signature="setUp()[pri:0, instance:automationTest.TestCases.HomePageTest@e15b7e8]" started-at="2021-01-27T18:00:48 IST" name="setUp" finished-at="2021-01-27T18:01:04 IST" duration-ms="15612" status="PASS">
          <reporter-output>
          </reporter-output>
        </test-method> <!-- setUp -->
        <test-method signature="verifyLeft_Side_NAV_resources()[pri:0, instance:automationTest.TestCases.HomePageTest@e15b7e8]" started-at="2021-01-27T18:01:04 IST" name="verifyLeft_Side_NAV_resources" finished-at="2021-01-27T18:01:09 IST" duration-ms="4903" status="PASS">
          <reporter-output>
          </reporter-output>
        </test-method> <!-- verifyLeft_Side_NAV_resources -->
        <test-method is-config="true" signature="tearDown()[pri:0, instance:automationTest.TestCases.HomePageTest@e15b7e8]" started-at="2021-01-27T18:01:09 IST" name="tearDown" finished-at="2021-01-27T18:01:09 IST" duration-ms="722" status="PASS">
          <reporter-output>
          </reporter-output>
        </test-method> <!-- tearDown -->
        <test-method is-config="true" signature="setUp()[pri:0, instance:automationTest.TestCases.HomePageTest@e15b7e8]" started-at="2021-01-27T18:01:09 IST" name="setUp" finished-at="2021-01-27T18:01:26 IST" duration-ms="16900" status="PASS">
          <reporter-output>
          </reporter-output>
        </test-method> <!-- setUp -->
        <test-method signature="verifyLeft_Side_NAV_sales_targets()[pri:0, instance:automationTest.TestCases.HomePageTest@e15b7e8]" started-at="2021-01-27T18:01:26 IST" name="verifyLeft_Side_NAV_sales_targets" finished-at="2021-01-27T18:01:30 IST" duration-ms="3793" status="PASS">
          <reporter-output>
          </reporter-output>
        </test-method> <!-- verifyLeft_Side_NAV_sales_targets -->
        <test-method is-config="true" signature="tearDown()[pri:0, instance:automationTest.TestCases.HomePageTest@e15b7e8]" started-at="2021-01-27T18:01:30 IST" name="tearDown" finished-at="2021-01-27T18:01:31 IST" duration-ms="961" status="PASS">
          <reporter-output>
          </reporter-output>
        </test-method> <!-- tearDown -->
        <test-method is-config="true" signature="setUp()[pri:0, instance:automationTest.TestCases.HomePageTest@e15b7e8]" started-at="2021-01-27T18:01:31 IST" name="setUp" finished-at="2021-01-27T18:01:47 IST" duration-ms="16370" status="PASS">
          <reporter-output>
          </reporter-output>
        </test-method> <!-- setUp -->
        <test-method signature="verifyLeft_Side_NAV_schedule_call()[pri:0, instance:automationTest.TestCases.HomePageTest@e15b7e8]" started-at="2021-01-27T18:01:47 IST" name="verifyLeft_Side_NAV_schedule_call" finished-at="2021-01-27T18:01:52 IST" duration-ms="4549" status="PASS">
          <reporter-output>
          </reporter-output>
        </test-method> <!-- verifyLeft_Side_NAV_schedule_call -->
        <test-method is-config="true" signature="tearDown()[pri:0, instance:automationTest.TestCases.HomePageTest@e15b7e8]" started-at="2021-01-27T18:01:52 IST" name="tearDown" finished-at="2021-01-27T18:01:53 IST" duration-ms="835" status="PASS">
          <reporter-output>
          </reporter-output>
        </test-method> <!-- tearDown -->
        <test-method is-config="true" signature="setUp()[pri:0, instance:automationTest.TestCases.HomePageTest@e15b7e8]" started-at="2021-01-27T18:01:53 IST" name="setUp" finished-at="2021-01-27T18:02:08 IST" duration-ms="14967" status="PASS">
          <reporter-output>
          </reporter-output>
        </test-method> <!-- setUp -->
        <test-method signature="verifyLeft_Side_NAV_team_view()[pri:0, instance:automationTest.TestCases.HomePageTest@e15b7e8]" started-at="2021-01-27T18:02:08 IST" name="verifyLeft_Side_NAV_team_view" finished-at="2021-01-27T18:02:11 IST" duration-ms="3578" status="PASS">
          <reporter-output>
          </reporter-output>
        </test-method> <!-- verifyLeft_Side_NAV_team_view -->
        <test-method is-config="true" signature="tearDown()[pri:0, instance:automationTest.TestCases.HomePageTest@e15b7e8]" started-at="2021-01-27T18:02:11 IST" name="tearDown" finished-at="2021-01-27T18:02:12 IST" duration-ms="767" status="PASS">
          <reporter-output>
          </reporter-output>
        </test-method> <!-- tearDown -->
        <test-method is-config="true" signature="setUp()[pri:0, instance:automationTest.TestCases.HomePageTest@e15b7e8]" started-at="2021-01-27T18:02:12 IST" name="setUp" finished-at="2021-01-27T18:02:28 IST" duration-ms="15718" status="PASS">
          <reporter-output>
          </reporter-output>
        </test-method> <!-- setUp -->
        <test-method signature="verifyLeft_Side_NAV_timeline()[pri:0, instance:automationTest.TestCases.HomePageTest@e15b7e8]" started-at="2021-01-27T18:02:28 IST" name="verifyLeft_Side_NAV_timeline" finished-at="2021-01-27T18:02:34 IST" duration-ms="6001" status="PASS">
          <reporter-output>
          </reporter-output>
        </test-method> <!-- verifyLeft_Side_NAV_timeline -->
        <test-method is-config="true" signature="tearDown()[pri:0, instance:automationTest.TestCases.HomePageTest@e15b7e8]" started-at="2021-01-27T18:02:34 IST" name="tearDown" finished-at="2021-01-27T18:02:34 IST" duration-ms="721" status="PASS">
          <reporter-output>
          </reporter-output>
        </test-method> <!-- tearDown -->
        <test-method is-config="true" signature="setUp()[pri:0, instance:automationTest.TestCases.HomePageTest@e15b7e8]" started-at="2021-01-27T18:02:34 IST" name="setUp" finished-at="2021-01-27T18:02:50 IST" duration-ms="15272" status="PASS">
          <reporter-output>
          </reporter-output>
        </test-method> <!-- setUp -->
        <test-method signature="verifyLoggedInName()[pri:0, instance:automationTest.TestCases.HomePageTest@e15b7e8]" started-at="2021-01-27T18:02:50 IST" name="verifyLoggedInName" finished-at="2021-01-27T18:02:50 IST" duration-ms="107" status="PASS">
          <reporter-output>
          </reporter-output>
        </test-method> <!-- verifyLoggedInName -->
        <test-method is-config="true" signature="tearDown()[pri:0, instance:automationTest.TestCases.HomePageTest@e15b7e8]" started-at="2021-01-27T18:02:50 IST" name="tearDown" finished-at="2021-01-27T18:02:51 IST" duration-ms="793" status="PASS">
          <reporter-output>
          </reporter-output>
        </test-method> <!-- tearDown -->
      </class> <!-- automationTest.TestCases.HomePageTest -->
    </test> <!-- CRM Home Page -->
  </suite> <!-- CRM Web Page Test -->
</testng-results>
